[2020-01-11 23:42:21.788] [exthost] [info] extension host started
[2020-01-11 23:42:22.123] [exthost] [info] extension host started
[2020-01-11 23:42:22.140] [exthost] [info] ExtensionService#_doActivateExtension HookyQR.beautify {"startup":true,"activationEvent":"*"}
[2020-01-11 23:42:22.140] [exthost] [info] ExtensionService#loadCommonJSModule G:\AngularIDE\plugins\pack.core.win_3.6.0.201910290238\HookyQR.beautify-1.4.11\extension
[2020-01-11 23:42:22.683] [exthost] [info] ExtensionService#_doActivateExtension christian-kohler.path-intellisense {"startup":true,"activationEvent":"*"}
[2020-01-11 23:42:22.683] [exthost] [info] ExtensionService#loadCommonJSModule G:\AngularIDE\plugins\pack.core.win_3.6.0.201910290238\christian-kohler.path-intellisense-1.4.2\out\src\extension
[2020-01-11 23:42:22.778] [exthost] [info] ExtensionService#_doActivateExtension dbaeumer.vscode-eslint {"startup":true,"activationEvent":"*"}
[2020-01-11 23:42:22.778] [exthost] [info] ExtensionService#loadCommonJSModule G:\AngularIDE\plugins\pack.core.win_3.6.0.201910290238\dbaeumer.vscode-eslint-1.9.0\client\out\extension
[2020-01-11 23:42:22.845] [exthost] [info] ExtensionService#_doActivateExtension vscode.debug-auto-launch {"startup":true,"activationEvent":"*"}
[2020-01-11 23:42:22.846] [exthost] [info] ExtensionService#loadCommonJSModule g:\AngularIDE\plugins\com.genuitec.eclipse.code.engine.app.win32.x86_64_3.6.0.201910290238\engine\resources\app\extensions\debug-auto-launch\dist\extension
[2020-01-11 23:42:22.863] [exthost] [info] ExtensionService#_doActivateExtension vscode.emmet {"startup":true,"activationEvent":"*"}
[2020-01-11 23:42:22.864] [exthost] [info] ExtensionService#loadCommonJSModule g:\AngularIDE\plugins\com.genuitec.eclipse.code.engine.app.win32.x86_64_3.6.0.201910290238\engine\resources\app\extensions\emmet\dist\extension
[2020-01-11 23:42:22.886] [exthost] [info] ExtensionService#_doActivateExtension formulahendry.auto-close-tag {"startup":true,"activationEvent":"*"}
[2020-01-11 23:42:22.886] [exthost] [info] ExtensionService#loadCommonJSModule G:\AngularIDE\plugins\pack.core.win_3.6.0.201910290238\formulahendry.auto-close-tag-0.5.6\out\src\extension
[2020-01-11 23:42:22.895] [exthost] [info] ExtensionService#_doActivateExtension vscode.grunt {"startup":false,"activationEvent":"onCommand:workbench.action.tasks.runTask"}
[2020-01-11 23:42:22.895] [exthost] [info] ExtensionService#loadCommonJSModule g:\AngularIDE\plugins\com.genuitec.eclipse.code.engine.app.win32.x86_64_3.6.0.201910290238\engine\resources\app\extensions\grunt\dist\main
[2020-01-11 23:42:22.902] [exthost] [info] ExtensionService#_doActivateExtension vscode.gulp {"startup":false,"activationEvent":"onCommand:workbench.action.tasks.runTask"}
[2020-01-11 23:42:22.902] [exthost] [info] ExtensionService#loadCommonJSModule g:\AngularIDE\plugins\com.genuitec.eclipse.code.engine.app.win32.x86_64_3.6.0.201910290238\engine\resources\app\extensions\gulp\dist\main
[2020-01-11 23:42:22.927] [exthost] [info] ExtensionService#_doActivateExtension vscode.jake {"startup":false,"activationEvent":"onCommand:workbench.action.tasks.runTask"}
[2020-01-11 23:42:22.927] [exthost] [info] ExtensionService#loadCommonJSModule g:\AngularIDE\plugins\com.genuitec.eclipse.code.engine.app.win32.x86_64_3.6.0.201910290238\engine\resources\app\extensions\jake\dist\main
[2020-01-11 23:42:22.933] [exthost] [info] ExtensionService#_doActivateExtension vscode.npm {"startup":false,"activationEvent":"onCommand:workbench.action.tasks.runTask"}
[2020-01-11 23:42:22.933] [exthost] [info] ExtensionService#loadCommonJSModule g:\AngularIDE\plugins\com.genuitec.eclipse.code.engine.app.win32.x86_64_3.6.0.201910290238\engine\resources\app\extensions\npm\dist\main
[2020-01-11 23:42:22.976] [exthost] [info] ExtensionService#_doActivateExtension vscode.typescript-language-features {"startup":false,"activationEvent":"onCommand:workbench.action.tasks.runTask"}
[2020-01-11 23:42:22.976] [exthost] [info] ExtensionService#loadCommonJSModule g:\AngularIDE\plugins\com.genuitec.eclipse.code.engine.app.win32.x86_64_3.6.0.201910290238\engine\resources\app\extensions\typescript-language-features\dist\extension
[2020-01-11 23:42:23.056] [exthost] [info] eager extensions activated
